{
  "/Users/sonjunseok/Desktop/workspace/service-frontend/apps/web/src/App.tsx": {
    "path": "/Users/sonjunseok/Desktop/workspace/service-frontend/apps/web/src/App.tsx",
    "statementMap": {
      "0": {
        "start": { "line": 8, "column": 20 },
        "end": { "line": 16, "column": null }
      },
      "1": {
        "start": { "line": 19, "column": 2 },
        "end": { "line": 24, "column": null }
      }
    },
    "fnMap": {
      "0": {
        "name": "App",
        "decl": {
          "start": { "line": 18, "column": 9 },
          "end": { "line": 18, "column": 15 }
        },
        "loc": {
          "start": { "line": 18, "column": 15 },
          "end": { "line": 26, "column": null }
        }
      }
    },
    "branchMap": {},
    "s": { "0": 0, "1": 0 },
    "f": { "0": 0 },
    "b": {}
  },
  "/Users/sonjunseok/Desktop/workspace/service-frontend/apps/web/src/main.tsx": {
    "path": "/Users/sonjunseok/Desktop/workspace/service-frontend/apps/web/src/main.tsx",
    "statementMap": {
      "0": {
        "start": { "line": 6, "column": 0 },
        "end": { "line": 10, "column": null }
      }
    },
    "fnMap": {},
    "branchMap": {},
    "s": { "0": 0 },
    "f": {},
    "b": {}
  },
  "/Users/sonjunseok/Desktop/workspace/service-frontend/apps/web/src/router.tsx": {
    "path": "/Users/sonjunseok/Desktop/workspace/service-frontend/apps/web/src/router.tsx",
    "statementMap": {
      "0": {
        "start": { "line": 4, "column": 2 },
        "end": { "line": 9, "column": null }
      }
    },
    "fnMap": {
      "0": {
        "name": "Router",
        "decl": {
          "start": { "line": 3, "column": 24 },
          "end": { "line": 3, "column": 33 }
        },
        "loc": {
          "start": { "line": 3, "column": 33 },
          "end": { "line": 11, "column": null }
        }
      }
    },
    "branchMap": {},
    "s": { "0": 0 },
    "f": { "0": 0 },
    "b": {}
  },
  "/Users/sonjunseok/Desktop/workspace/service-frontend/apps/web/src/app/index/page.tsx": {
    "path": "/Users/sonjunseok/Desktop/workspace/service-frontend/apps/web/src/app/index/page.tsx",
    "statementMap": {
      "0": {
        "start": { "line": 6, "column": 19 },
        "end": { "line": 6, "column": null }
      },
      "1": {
        "start": { "line": 8, "column": 18 },
        "end": { "line": 12, "column": null }
      },
      "2": {
        "start": { "line": 9, "column": 4 },
        "end": { "line": 11, "column": null }
      },
      "3": {
        "start": { "line": 14, "column": 2 },
        "end": { "line": 26, "column": null }
      }
    },
    "fnMap": {
      "0": {
        "name": "MainPage",
        "decl": {
          "start": { "line": 5, "column": 24 },
          "end": { "line": 5, "column": 35 }
        },
        "loc": {
          "start": { "line": 5, "column": 35 },
          "end": { "line": 28, "column": null }
        }
      },
      "1": {
        "name": "(anonymous_1)",
        "decl": {
          "start": { "line": 8, "column": 18 },
          "end": { "line": 8, "column": 24 }
        },
        "loc": {
          "start": { "line": 8, "column": 24 },
          "end": { "line": 12, "column": null }
        }
      }
    },
    "branchMap": {},
    "s": { "0": 0, "1": 0, "2": 0, "3": 0 },
    "f": { "0": 0, "1": 0 },
    "b": {}
  },
  "/Users/sonjunseok/Desktop/workspace/service-frontend/apps/web/src/app/index/compare/page.tsx": {
    "path": "/Users/sonjunseok/Desktop/workspace/service-frontend/apps/web/src/app/index/compare/page.tsx",
    "statementMap": {
      "0": {
        "start": { "line": 4, "column": 2 },
        "end": { "line": 7, "column": null }
      }
    },
    "fnMap": {
      "0": {
        "name": "ComparePage",
        "decl": {
          "start": { "line": 3, "column": 24 },
          "end": { "line": 3, "column": 38 }
        },
        "loc": {
          "start": { "line": 3, "column": 38 },
          "end": { "line": 9, "column": null }
        }
      }
    },
    "branchMap": {},
    "s": { "0": 0 },
    "f": { "0": 0 },
    "b": {}
  },
  "/Users/sonjunseok/Desktop/workspace/service-frontend/apps/web/src/app/index/signup/page.tsx": {
    "path": "/Users/sonjunseok/Desktop/workspace/service-frontend/apps/web/src/app/index/signup/page.tsx",
    "statementMap": {
      "0": {
        "start": { "line": 2, "column": 2 },
        "end": { "line": 2, "column": null }
      }
    },
    "fnMap": {
      "0": {
        "name": "SignupPage",
        "decl": {
          "start": { "line": 1, "column": 24 },
          "end": { "line": 1, "column": 37 }
        },
        "loc": {
          "start": { "line": 1, "column": 37 },
          "end": { "line": 3, "column": null }
        }
      }
    },
    "branchMap": {},
    "s": { "0": 0 },
    "f": { "0": 0 },
    "b": {}
  },
  "/Users/sonjunseok/Desktop/workspace/service-frontend/apps/web/src/assets/icons/bell-icon.tsx": {
    "path": "/Users/sonjunseok/Desktop/workspace/service-frontend/apps/web/src/assets/icons/bell-icon.tsx",
    "statementMap": {
      "0": {
        "start": { "line": 2, "column": 2 },
        "end": { "line": 17, "column": null }
      }
    },
    "fnMap": {
      "0": {
        "name": "BellIcon",
        "decl": {
          "start": { "line": 1, "column": 24 },
          "end": { "line": 1, "column": 35 }
        },
        "loc": {
          "start": { "line": 1, "column": 35 },
          "end": { "line": 19, "column": null }
        }
      }
    },
    "branchMap": {},
    "s": { "0": 0 },
    "f": { "0": 0 },
    "b": {}
  },
  "/Users/sonjunseok/Desktop/workspace/service-frontend/apps/web/src/assets/icons/bell-notification-icon.tsx": {
    "path": "/Users/sonjunseok/Desktop/workspace/service-frontend/apps/web/src/assets/icons/bell-notification-icon.tsx",
    "statementMap": {
      "0": {
        "start": { "line": 2, "column": 2 },
        "end": { "line": 18, "column": null }
      }
    },
    "fnMap": {
      "0": {
        "name": "BellNotificationIcon",
        "decl": {
          "start": { "line": 1, "column": 24 },
          "end": { "line": 1, "column": 47 }
        },
        "loc": {
          "start": { "line": 1, "column": 47 },
          "end": { "line": 20, "column": null }
        }
      }
    },
    "branchMap": {},
    "s": { "0": 0 },
    "f": { "0": 0 },
    "b": {}
  },
  "/Users/sonjunseok/Desktop/workspace/service-frontend/apps/web/src/assets/icons/logo-icon.tsx": {
    "path": "/Users/sonjunseok/Desktop/workspace/service-frontend/apps/web/src/assets/icons/logo-icon.tsx",
    "statementMap": {
      "0": {
        "start": { "line": 2, "column": 2 },
        "end": { "line": 30, "column": null }
      }
    },
    "fnMap": {
      "0": {
        "name": "LogoIcon",
        "decl": {
          "start": { "line": 1, "column": 24 },
          "end": { "line": 1, "column": 35 }
        },
        "loc": {
          "start": { "line": 1, "column": 35 },
          "end": { "line": 32, "column": null }
        }
      }
    },
    "branchMap": {},
    "s": { "0": 0 },
    "f": { "0": 0 },
    "b": {}
  },
  "/Users/sonjunseok/Desktop/workspace/service-frontend/apps/web/src/assets/icons/person-icon.tsx": {
    "path": "/Users/sonjunseok/Desktop/workspace/service-frontend/apps/web/src/assets/icons/person-icon.tsx",
    "statementMap": {
      "0": {
        "start": { "line": 2, "column": 2 },
        "end": { "line": 17, "column": null }
      }
    },
    "fnMap": {
      "0": {
        "name": "PersonIcon",
        "decl": {
          "start": { "line": 1, "column": 24 },
          "end": { "line": 1, "column": 37 }
        },
        "loc": {
          "start": { "line": 1, "column": 37 },
          "end": { "line": 19, "column": null }
        }
      }
    },
    "branchMap": {},
    "s": { "0": 0 },
    "f": { "0": 0 },
    "b": {}
  },
  "/Users/sonjunseok/Desktop/workspace/service-frontend/apps/web/src/components/common/TopBar.tsx": {
    "path": "/Users/sonjunseok/Desktop/workspace/service-frontend/apps/web/src/components/common/TopBar.tsx",
    "statementMap": {
      "0": {
        "start": { "line": 6, "column": 2 },
        "end": { "line": 13, "column": null }
      }
    },
    "fnMap": {
      "0": {
        "name": "TopBar",
        "decl": {
          "start": { "line": 5, "column": 24 },
          "end": { "line": 5, "column": 33 }
        },
        "loc": {
          "start": { "line": 5, "column": 33 },
          "end": { "line": 15, "column": null }
        }
      }
    },
    "branchMap": {},
    "s": { "0": 0 },
    "f": { "0": 0 },
    "b": {}
  },
  "/Users/sonjunseok/Desktop/workspace/service-frontend/apps/web/src/components/signup/signup-steps.tsx": {
    "path": "/Users/sonjunseok/Desktop/workspace/service-frontend/apps/web/src/components/signup/signup-steps.tsx",
    "statementMap": {
      "0": {
        "start": { "line": 12, "column": 2 },
        "end": { "line": 12, "column": null }
      }
    },
    "fnMap": {
      "0": {
        "name": "SignupSteps",
        "decl": {
          "start": { "line": 11, "column": 24 },
          "end": { "line": 11, "column": 38 }
        },
        "loc": {
          "start": { "line": 11, "column": 38 },
          "end": { "line": 13, "column": null }
        }
      }
    },
    "branchMap": {},
    "s": { "0": 0 },
    "f": { "0": 0 },
    "b": {}
  },
  "/Users/sonjunseok/Desktop/workspace/service-frontend/apps/web/src/hooks/use-funnel.tsx": {
    "path": "/Users/sonjunseok/Desktop/workspace/service-frontend/apps/web/src/hooks/use-funnel.tsx",
    "statementMap": {
      "0": {
        "start": { "line": 9, "column": 25 },
        "end": { "line": 25, "column": null }
      },
      "1": {
        "start": { "line": 10, "column": 26 },
        "end": { "line": 10, "column": null }
      },
      "2": {
        "start": { "line": 13, "column": 15 },
        "end": { "line": 15, "column": null }
      },
      "3": {
        "start": { "line": 14, "column": 4 },
        "end": { "line": 14, "column": null }
      },
      "4": {
        "start": { "line": 17, "column": 17 },
        "end": { "line": 22, "column": null }
      },
      "5": {
        "start": { "line": 18, "column": 23 },
        "end": { "line": 20, "column": null }
      },
      "6": {
        "start": { "line": 19, "column": 19 },
        "end": { "line": 19, "column": null }
      },
      "7": {
        "start": { "line": 21, "column": 4 },
        "end": { "line": 21, "column": null }
      },
      "8": {
        "start": { "line": 24, "column": 2 },
        "end": { "line": 24, "column": null }
      }
    },
    "fnMap": {
      "0": {
        "name": "(anonymous_0)",
        "decl": {
          "start": { "line": 9, "column": 25 },
          "end": { "line": 9, "column": 26 }
        },
        "loc": {
          "start": { "line": 9, "column": 50 },
          "end": { "line": 25, "column": null }
        }
      },
      "1": {
        "name": "(anonymous_1)",
        "decl": {
          "start": { "line": 13, "column": 15 },
          "end": { "line": 13, "column": 16 }
        },
        "loc": {
          "start": { "line": 13, "column": 44 },
          "end": { "line": 15, "column": null }
        }
      },
      "2": {
        "name": "(anonymous_2)",
        "decl": {
          "start": { "line": 17, "column": 17 },
          "end": { "line": 17, "column": 18 }
        },
        "loc": {
          "start": { "line": 17, "column": 48 },
          "end": { "line": 22, "column": null }
        }
      },
      "3": {
        "name": "(anonymous_3)",
        "decl": {
          "start": { "line": 19, "column": 6 },
          "end": { "line": 19, "column": 19 }
        },
        "loc": {
          "start": { "line": 19, "column": 19 },
          "end": { "line": 19, "column": null }
        }
      }
    },
    "branchMap": {},
    "s": {
      "0": 1,
      "1": 3,
      "2": 3,
      "3": 3,
      "4": 3,
      "5": 3,
      "6": 4,
      "7": 3,
      "8": 3
    },
    "f": { "0": 3, "1": 3, "2": 3, "3": 4 },
    "b": {}
  },
  "/Users/sonjunseok/Desktop/workspace/service-frontend/apps/web/src/utils/stackflow.ts": {
    "path": "/Users/sonjunseok/Desktop/workspace/service-frontend/apps/web/src/utils/stackflow.ts",
    "statementMap": {
      "0": {
        "start": { "line": 7, "column": 34 },
        "end": { "line": 20, "column": null }
      },
      "1": {
        "start": { "line": 19, "column": 25 },
        "end": { "line": 19, "column": null }
      }
    },
    "fnMap": {
      "0": {
        "name": "(anonymous_0)",
        "decl": {
          "start": { "line": 19, "column": 19 },
          "end": { "line": 19, "column": 25 }
        },
        "loc": {
          "start": { "line": 19, "column": 25 },
          "end": { "line": 19, "column": null }
        }
      }
    },
    "branchMap": {},
    "s": { "0": 0, "1": 0 },
    "f": { "0": 0 },
    "b": {}
  }
}
