{
  "/Users/sonjunseok/Desktop/workspace/service-frontend/packages/api/http/index.ts": {
    "path": "/Users/sonjunseok/Desktop/workspace/service-frontend/packages/api/http/index.ts",
    "statementMap": {
      "0": {
        "start": { "line": 10, "column": 12 },
        "end": { "line": 20, "column": null }
      },
      "1": {
        "start": { "line": 14, "column": 28 },
        "end": { "line": 14, "column": null }
      },
      "2": {
        "start": { "line": 15, "column": 14 },
        "end": { "line": 15, "column": null }
      },
      "3": {
        "start": { "line": 17, "column": 17 },
        "end": { "line": 17, "column": null }
      },
      "4": {
        "start": { "line": 19, "column": 2 },
        "end": { "line": 19, "column": null }
      },
      "5": {
        "start": { "line": 22, "column": 13 },
        "end": { "line": 31, "column": null }
      },
      "6": {
        "start": { "line": 26, "column": 14 },
        "end": { "line": 26, "column": null }
      },
      "7": {
        "start": { "line": 28, "column": 17 },
        "end": { "line": 28, "column": null }
      },
      "8": {
        "start": { "line": 30, "column": 2 },
        "end": { "line": 30, "column": null }
      },
      "9": {
        "start": { "line": 33, "column": 16 },
        "end": { "line": 42, "column": null }
      },
      "10": {
        "start": { "line": 37, "column": 14 },
        "end": { "line": 37, "column": null }
      },
      "11": {
        "start": { "line": 39, "column": 17 },
        "end": { "line": 39, "column": null }
      },
      "12": {
        "start": { "line": 41, "column": 2 },
        "end": { "line": 41, "column": null }
      },
      "13": {
        "start": { "line": 44, "column": 20 },
        "end": { "line": 48, "column": null }
      }
    },
    "fnMap": {
      "0": {
        "name": "(anonymous_0)",
        "decl": {
          "start": { "line": 10, "column": 12 },
          "end": { "line": 10, "column": null }
        },
        "loc": {
          "start": { "line": 13, "column": 19 },
          "end": { "line": 20, "column": null }
        }
      },
      "1": {
        "name": "(anonymous_1)",
        "decl": {
          "start": { "line": 22, "column": 13 },
          "end": { "line": 22, "column": null }
        },
        "loc": {
          "start": { "line": 25, "column": 19 },
          "end": { "line": 31, "column": null }
        }
      },
      "2": {
        "name": "(anonymous_2)",
        "decl": {
          "start": { "line": 33, "column": 16 },
          "end": { "line": 33, "column": null }
        },
        "loc": {
          "start": { "line": 36, "column": 19 },
          "end": { "line": 42, "column": null }
        }
      }
    },
    "branchMap": {},
    "s": {
      "0": 0,
      "1": 0,
      "2": 0,
      "3": 0,
      "4": 0,
      "5": 0,
      "6": 0,
      "7": 0,
      "8": 0,
      "9": 0,
      "10": 0,
      "11": 0,
      "12": 0,
      "13": 0
    },
    "f": { "0": 0, "1": 0, "2": 0 },
    "b": {}
  },
  "/Users/sonjunseok/Desktop/workspace/service-frontend/packages/api/http/instance.ts": {
    "path": "/Users/sonjunseok/Desktop/workspace/service-frontend/packages/api/http/instance.ts",
    "statementMap": {
      "0": {
        "start": { "line": 5, "column": 21 },
        "end": { "line": 5, "column": null }
      },
      "1": {
        "start": { "line": 7, "column": 24 },
        "end": { "line": 9, "column": null }
      },
      "2": {
        "start": { "line": 11, "column": 0 },
        "end": { "line": 11, "column": null }
      },
      "3": {
        "start": { "line": 14, "column": 23 },
        "end": { "line": 14, "column": null }
      },
      "4": {
        "start": { "line": 14, "column": 62 },
        "end": { "line": 14, "column": null }
      },
      "5": {
        "start": { "line": 16, "column": 22 },
        "end": { "line": 30, "column": null }
      },
      "6": {
        "start": { "line": 17, "column": 2 },
        "end": { "line": 28, "column": null }
      },
      "7": {
        "start": { "line": 18, "column": 33 },
        "end": { "line": 18, "column": null }
      },
      "8": {
        "start": { "line": 19, "column": 4 },
        "end": { "line": 19, "column": null }
      },
      "9": {
        "start": { "line": 21, "column": 4 },
        "end": { "line": 24, "column": null }
      },
      "10": {
        "start": { "line": 22, "column": 30 },
        "end": { "line": 22, "column": null }
      },
      "11": {
        "start": { "line": 23, "column": 6 },
        "end": { "line": 23, "column": null }
      },
      "12": {
        "start": { "line": 26, "column": 4 },
        "end": { "line": 26, "column": null }
      },
      "13": {
        "start": { "line": 27, "column": 4 },
        "end": { "line": 27, "column": null }
      },
      "14": {
        "start": { "line": 29, "column": 2 },
        "end": { "line": 29, "column": null }
      },
      "15": {
        "start": { "line": 32, "column": 0 },
        "end": { "line": 32, "column": null }
      }
    },
    "fnMap": {
      "0": {
        "name": "(anonymous_0)",
        "decl": {
          "start": { "line": 14, "column": 23 },
          "end": { "line": 14, "column": 24 }
        },
        "loc": {
          "start": { "line": 14, "column": 62 },
          "end": { "line": 14, "column": null }
        }
      },
      "1": {
        "name": "(anonymous_1)",
        "decl": {
          "start": { "line": 16, "column": 22 },
          "end": { "line": 16, "column": 29 }
        },
        "loc": {
          "start": { "line": 16, "column": 64 },
          "end": { "line": 30, "column": null }
        }
      }
    },
    "branchMap": {
      "0": {
        "loc": {
          "start": { "line": 17, "column": 2 },
          "end": { "line": 28, "column": null }
        },
        "type": "if",
        "locations": [
          {
            "start": { "line": 17, "column": 2 },
            "end": { "line": 28, "column": null }
          },
          { "start": {}, "end": {} }
        ]
      },
      "1": {
        "loc": {
          "start": { "line": 21, "column": 4 },
          "end": { "line": 24, "column": null }
        },
        "type": "if",
        "locations": [
          {
            "start": { "line": 21, "column": 4 },
            "end": { "line": 24, "column": null }
          },
          { "start": {}, "end": {} }
        ]
      }
    },
    "s": {
      "0": 0,
      "1": 0,
      "2": 0,
      "3": 0,
      "4": 0,
      "5": 0,
      "6": 0,
      "7": 0,
      "8": 0,
      "9": 0,
      "10": 0,
      "11": 0,
      "12": 0,
      "13": 0,
      "14": 0,
      "15": 0
    },
    "f": { "0": 0, "1": 0 },
    "b": { "0": [0, 0], "1": [0, 0] }
  },
  "/Users/sonjunseok/Desktop/workspace/service-frontend/packages/api/path/make-path.ts": {
    "path": "/Users/sonjunseok/Desktop/workspace/service-frontend/packages/api/path/make-path.ts",
    "statementMap": {
      "0": {
        "start": { "line": 10, "column": 24 },
        "end": { "line": 23, "column": null }
      },
      "1": {
        "start": { "line": 14, "column": 22 },
        "end": { "line": 14, "column": null }
      },
      "2": {
        "start": { "line": 16, "column": 24 },
        "end": { "line": 20, "column": null }
      },
      "3": {
        "start": { "line": 18, "column": 18 },
        "end": { "line": 18, "column": null }
      },
      "4": {
        "start": { "line": 19, "column": 4 },
        "end": { "line": 19, "column": null }
      },
      "5": {
        "start": { "line": 22, "column": 2 },
        "end": { "line": 22, "column": null }
      }
    },
    "fnMap": {
      "0": {
        "name": "(anonymous_0)",
        "decl": {
          "start": { "line": 10, "column": 24 },
          "end": { "line": 10, "column": null }
        },
        "loc": {
          "start": { "line": 13, "column": 13 },
          "end": { "line": 23, "column": null }
        }
      },
      "1": {
        "name": "(anonymous_1)",
        "decl": {
          "start": { "line": 16, "column": 54 },
          "end": { "line": 16, "column": 55 }
        },
        "loc": {
          "start": { "line": 16, "column": 77 },
          "end": { "line": 20, "column": 5 }
        }
      }
    },
    "branchMap": {
      "0": {
        "loc": {
          "start": { "line": 12, "column": 4 },
          "end": { "line": 12, "column": 17 }
        },
        "type": "default-arg",
        "locations": [
          {
            "start": { "line": 12, "column": 13 },
            "end": { "line": 12, "column": 17 }
          }
        ]
      },
      "1": {
        "loc": {
          "start": { "line": 12, "column": 17 },
          "end": { "line": 12, "column": 28 }
        },
        "type": "default-arg",
        "locations": [
          {
            "start": { "line": 12, "column": 25 },
            "end": { "line": 12, "column": 28 }
          }
        ]
      },
      "2": {
        "loc": {
          "start": { "line": 22, "column": 9 },
          "end": { "line": 22, "column": null }
        },
        "type": "cond-expr",
        "locations": [
          {
            "start": { "line": 22, "column": 23 },
            "end": { "line": 22, "column": 59 }
          },
          {
            "start": { "line": 22, "column": 59 },
            "end": { "line": 22, "column": null }
          }
        ]
      }
    },
    "s": { "0": 1, "1": 6, "2": 6, "3": 6, "4": 6, "5": 6 },
    "f": { "0": 6, "1": 6 },
    "b": { "0": [2], "1": [4], "2": [2, 4] }
  },
  "/Users/sonjunseok/Desktop/workspace/service-frontend/packages/api/path/path.ts": {
    "path": "/Users/sonjunseok/Desktop/workspace/service-frontend/packages/api/path/path.ts",
    "statementMap": {
      "0": {
        "start": { "line": 1, "column": 14 },
        "end": { "line": 10, "column": null }
      },
      "1": {
        "start": { "line": 12, "column": 17 },
        "end": { "line": 17, "column": null }
      },
      "2": {
        "start": { "line": 19, "column": 24 },
        "end": { "line": 19, "column": null }
      }
    },
    "fnMap": {},
    "branchMap": {},
    "s": { "0": 1, "1": 1, "2": 1 },
    "f": {},
    "b": {}
  }
}
