{
  "/Users/sonjunseok/Desktop/workspace/service-frontend/apps/admin/src/App.tsx": {
    "path": "/Users/sonjunseok/Desktop/workspace/service-frontend/apps/admin/src/App.tsx",
    "statementMap": {
      "0": {
        "start": { "line": 3, "column": 2 },
        "end": { "line": 6, "column": null }
      }
    },
    "fnMap": {
      "0": {
        "name": "App",
        "decl": {
          "start": { "line": 2, "column": 9 },
          "end": { "line": 2, "column": 15 }
        },
        "loc": {
          "start": { "line": 2, "column": 15 },
          "end": { "line": 8, "column": null }
        }
      }
    },
    "branchMap": {},
    "s": { "0": 0 },
    "f": { "0": 0 },
    "b": {}
  },
  "/Users/sonjunseok/Desktop/workspace/service-frontend/apps/admin/src/main.tsx": {
    "path": "/Users/sonjunseok/Desktop/workspace/service-frontend/apps/admin/src/main.tsx",
    "statementMap": {
      "0": {
        "start": { "line": 6, "column": 0 },
        "end": { "line": 10, "column": null }
      }
    },
    "fnMap": {},
    "branchMap": {},
    "s": { "0": 0 },
    "f": {},
    "b": {}
  }
}
