{
  "/Users/sonjunseok/Desktop/workspace/service-frontend/apps/admin/src/App.tsx": {
    "path": "/Users/sonjunseok/Desktop/workspace/service-frontend/apps/admin/src/App.tsx",
    "statementMap": {
      "0": {
        "start": { "line": 7, "column": 39 },
        "end": { "line": 7, "column": null }
      },
      "1": {
        "start": { "line": 8, "column": 49 },
        "end": { "line": 8, "column": null }
      },
      "2": {
        "start": { "line": 9, "column": 22 },
        "end": { "line": 9, "column": null }
      },
      "3": {
        "start": { "line": 10, "column": 17 },
        "end": { "line": 10, "column": null }
      },
      "4": {
        "start": { "line": 11, "column": 2 },
        "end": { "line": 24, "column": null }
      },
      "5": {
        "start": { "line": 18, "column": 14 },
        "end": { "line": 18, "column": null }
      }
    },
    "fnMap": {
      "0": {
        "name": "App",
        "decl": {
          "start": { "line": 6, "column": 9 },
          "end": { "line": 6, "column": 15 }
        },
        "loc": {
          "start": { "line": 6, "column": 15 },
          "end": { "line": 26, "column": null }
        }
      },
      "1": {
        "name": "(anonymous_1)",
        "decl": {
          "start": { "line": 17, "column": 24 },
          "end": { "line": 17, "column": null }
        },
        "loc": {
          "start": { "line": 18, "column": 14 },
          "end": { "line": 18, "column": null }
        }
      }
    },
    "branchMap": {},
    "s": { "0": 0, "1": 0, "2": 0, "3": 0, "4": 0, "5": 0 },
    "f": { "0": 0, "1": 0 },
    "b": {}
  },
  "/Users/sonjunseok/Desktop/workspace/service-frontend/apps/admin/src/main.tsx": {
    "path": "/Users/sonjunseok/Desktop/workspace/service-frontend/apps/admin/src/main.tsx",
    "statementMap": {
      "0": {
        "start": { "line": 6, "column": 0 },
        "end": { "line": 10, "column": null }
      }
    },
    "fnMap": {},
    "branchMap": {},
    "s": { "0": 0 },
    "f": {},
    "b": {}
  }
}
