{
  "/Users/sonjunseok/Desktop/workspace/service-frontend/packages/ui/src/button.tsx": {
    "path": "/Users/sonjunseok/Desktop/workspace/service-frontend/packages/ui/src/button.tsx",
    "statementMap": {
      "0": {
        "start": { "line": 10, "column": 22 },
        "end": { "line": 22, "column": null }
      },
      "1": {
        "start": { "line": 11, "column": 2 },
        "end": { "line": 20, "column": null }
      },
      "2": {
        "start": { "line": 17, "column": 21 },
        "end": { "line": 17, "column": null }
      }
    },
    "fnMap": {
      "0": {
        "name": "(anonymous_0)",
        "decl": {
          "start": { "line": 10, "column": 22 },
          "end": { "line": 10, "column": 23 }
        },
        "loc": {
          "start": { "line": 10, "column": 73 },
          "end": { "line": 22, "column": null }
        }
      },
      "1": {
        "name": "(anonymous_1)",
        "decl": {
          "start": { "line": 17, "column": 15 },
          "end": { "line": 17, "column": 21 }
        },
        "loc": {
          "start": { "line": 17, "column": 21 },
          "end": { "line": 17, "column": null }
        }
      }
    },
    "branchMap": {},
    "s": { "0": 1, "1": 2, "2": 1 },
    "f": { "0": 2, "1": 1 },
    "b": {}
  },
  "/Users/sonjunseok/Desktop/workspace/service-frontend/packages/ui/src/card.tsx": {
    "path": "/Users/sonjunseok/Desktop/workspace/service-frontend/packages/ui/src/card.tsx",
    "statementMap": {
      "0": {
        "start": { "line": 14, "column": 2 },
        "end": { "line": 25, "column": null }
      }
    },
    "fnMap": {
      "0": {
        "name": "Card",
        "decl": {
          "start": { "line": 3, "column": 16 },
          "end": { "line": 3, "column": 21 }
        },
        "loc": {
          "start": { "line": 13, "column": 16 },
          "end": { "line": 27, "column": null }
        }
      }
    },
    "branchMap": {},
    "s": { "0": 0 },
    "f": { "0": 0 },
    "b": {}
  },
  "/Users/sonjunseok/Desktop/workspace/service-frontend/packages/ui/src/code.tsx": {
    "path": "/Users/sonjunseok/Desktop/workspace/service-frontend/packages/ui/src/code.tsx",
    "statementMap": {
      "0": {
        "start": { "line": 10, "column": 2 },
        "end": { "line": 10, "column": null }
      }
    },
    "fnMap": {
      "0": {
        "name": "Code",
        "decl": {
          "start": { "line": 3, "column": 16 },
          "end": { "line": 3, "column": 21 }
        },
        "loc": {
          "start": { "line": 9, "column": 16 },
          "end": { "line": 11, "column": null }
        }
      }
    },
    "branchMap": {},
    "s": { "0": 0 },
    "f": { "0": 0 },
    "b": {}
  },
  "/Users/sonjunseok/Desktop/workspace/service-frontend/packages/ui/src/carousel/carousel-context.tsx": {
    "path": "/Users/sonjunseok/Desktop/workspace/service-frontend/packages/ui/src/carousel/carousel-context.tsx",
    "statementMap": {
      "0": {
        "start": { "line": 13, "column": 31 },
        "end": { "line": 13, "column": null }
      },
      "1": {
        "start": { "line": 15, "column": 27 },
        "end": { "line": 19, "column": null }
      },
      "2": {
        "start": { "line": 16, "column": 18 },
        "end": { "line": 16, "column": null }
      },
      "3": {
        "start": { "line": 17, "column": 2 },
        "end": { "line": 17, "column": null }
      },
      "4": {
        "start": { "line": 17, "column": 16 },
        "end": { "line": 17, "column": null }
      },
      "5": {
        "start": { "line": 18, "column": 2 },
        "end": { "line": 18, "column": null }
      }
    },
    "fnMap": {
      "0": {
        "name": "(anonymous_0)",
        "decl": {
          "start": { "line": 15, "column": 27 },
          "end": { "line": 15, "column": 33 }
        },
        "loc": {
          "start": { "line": 15, "column": 33 },
          "end": { "line": 19, "column": null }
        }
      }
    },
    "branchMap": {
      "0": {
        "loc": {
          "start": { "line": 17, "column": 2 },
          "end": { "line": 17, "column": null }
        },
        "type": "if",
        "locations": [
          {
            "start": { "line": 17, "column": 2 },
            "end": { "line": 17, "column": null }
          },
          { "start": {}, "end": {} }
        ]
      }
    },
    "s": { "0": 0, "1": 0, "2": 0, "3": 0, "4": 0, "5": 0 },
    "f": { "0": 0 },
    "b": { "0": [0, 0] }
  },
  "/Users/sonjunseok/Desktop/workspace/service-frontend/packages/ui/src/carousel/carousel-controller.tsx": {
    "path": "/Users/sonjunseok/Desktop/workspace/service-frontend/packages/ui/src/carousel/carousel-controller.tsx",
    "statementMap": {
      "0": {
        "start": { "line": 7, "column": 44 },
        "end": { "line": 23, "column": null }
      },
      "1": {
        "start": { "line": 8, "column": 48 },
        "end": { "line": 8, "column": null }
      },
      "2": {
        "start": { "line": 10, "column": 2 },
        "end": { "line": 21, "column": null }
      },
      "3": {
        "start": { "line": 29, "column": 52 },
        "end": { "line": 43, "column": null }
      },
      "4": {
        "start": { "line": 33, "column": 2 },
        "end": { "line": 41, "column": null }
      },
      "5": {
        "start": { "line": 49, "column": 70 },
        "end": { "line": 58, "column": null }
      },
      "6": {
        "start": { "line": 52, "column": 48 },
        "end": { "line": 52, "column": null }
      },
      "7": {
        "start": { "line": 53, "column": 2 },
        "end": { "line": 56, "column": null }
      },
      "8": {
        "start": { "line": 60, "column": 59 },
        "end": { "line": 74, "column": null }
      },
      "9": {
        "start": { "line": 64, "column": 8 },
        "end": { "line": 64, "column": null }
      },
      "10": {
        "start": { "line": 66, "column": 2 },
        "end": { "line": 72, "column": null }
      }
    },
    "fnMap": {
      "0": {
        "name": "(anonymous_0)",
        "decl": {
          "start": { "line": 7, "column": 44 },
          "end": { "line": 7, "column": 50 }
        },
        "loc": {
          "start": { "line": 7, "column": 50 },
          "end": { "line": 23, "column": null }
        }
      },
      "1": {
        "name": "(anonymous_1)",
        "decl": {
          "start": { "line": 29, "column": 52 },
          "end": { "line": 29, "column": 53 }
        },
        "loc": {
          "start": { "line": 32, "column": 6 },
          "end": { "line": 43, "column": null }
        }
      },
      "2": {
        "name": "(anonymous_2)",
        "decl": {
          "start": { "line": 49, "column": 70 },
          "end": { "line": 49, "column": 71 }
        },
        "loc": {
          "start": { "line": 51, "column": 6 },
          "end": { "line": 58, "column": null }
        }
      },
      "3": {
        "name": "(anonymous_3)",
        "decl": {
          "start": { "line": 60, "column": 59 },
          "end": { "line": 60, "column": 60 }
        },
        "loc": {
          "start": { "line": 63, "column": 6 },
          "end": { "line": 74, "column": null }
        }
      }
    },
    "branchMap": {
      "0": {
        "loc": {
          "start": { "line": 53, "column": 9 },
          "end": { "line": 56, "column": null }
        },
        "type": "cond-expr",
        "locations": [
          {
            "start": { "line": 54, "column": 4 },
            "end": { "line": 54, "column": null }
          },
          {
            "start": { "line": 56, "column": 4 },
            "end": { "line": 56, "column": null }
          }
        ]
      }
    },
    "s": {
      "0": 0,
      "1": 0,
      "2": 0,
      "3": 0,
      "4": 0,
      "5": 0,
      "6": 0,
      "7": 0,
      "8": 0,
      "9": 0,
      "10": 0
    },
    "f": { "0": 0, "1": 0, "2": 0, "3": 0 },
    "b": { "0": [0, 0] }
  },
  "/Users/sonjunseok/Desktop/workspace/service-frontend/packages/ui/src/carousel/carousel-dots.tsx": {
    "path": "/Users/sonjunseok/Desktop/workspace/service-frontend/packages/ui/src/carousel/carousel-dots.tsx",
    "statementMap": {
      "0": {
        "start": { "line": 12, "column": 32 },
        "end": { "line": 40, "column": null }
      },
      "1": {
        "start": { "line": 13, "column": 22 },
        "end": { "line": 13, "column": null }
      },
      "2": {
        "start": { "line": 14, "column": 2 },
        "end": { "line": 14, "column": null }
      },
      "3": {
        "start": { "line": 16, "column": 19 },
        "end": { "line": 16, "column": null }
      },
      "4": {
        "start": { "line": 17, "column": 24 },
        "end": { "line": 17, "column": null }
      },
      "5": {
        "start": { "line": 19, "column": 2 },
        "end": { "line": 37, "column": null }
      },
      "6": {
        "start": { "line": 20, "column": 4 },
        "end": { "line": 35, "column": null }
      },
      "7": {
        "start": { "line": 39, "column": 2 },
        "end": { "line": 39, "column": null }
      },
      "8": {
        "start": { "line": 42, "column": 43 },
        "end": { "line": 52, "column": null }
      },
      "9": {
        "start": { "line": 43, "column": 48 },
        "end": { "line": 43, "column": null }
      },
      "10": {
        "start": { "line": 45, "column": 2 },
        "end": { "line": 50, "column": null }
      },
      "11": {
        "start": { "line": 48, "column": 8 },
        "end": { "line": 48, "column": null }
      }
    },
    "fnMap": {
      "0": {
        "name": "(anonymous_0)",
        "decl": {
          "start": { "line": 12, "column": 32 },
          "end": { "line": 12, "column": 33 }
        },
        "loc": {
          "start": { "line": 12, "column": 57 },
          "end": { "line": 40, "column": null }
        }
      },
      "1": {
        "name": "(anonymous_1)",
        "decl": {
          "start": { "line": 42, "column": 43 },
          "end": { "line": 42, "column": 49 }
        },
        "loc": {
          "start": { "line": 42, "column": 49 },
          "end": { "line": 52, "column": null }
        }
      },
      "2": {
        "name": "(anonymous_2)",
        "decl": {
          "start": { "line": 47, "column": 23 },
          "end": { "line": 47, "column": 24 }
        },
        "loc": {
          "start": { "line": 48, "column": 8 },
          "end": { "line": 48, "column": null }
        }
      }
    },
    "branchMap": {
      "0": {
        "loc": {
          "start": { "line": 19, "column": 2 },
          "end": { "line": 37, "column": null }
        },
        "type": "if",
        "locations": [
          {
            "start": { "line": 19, "column": 2 },
            "end": { "line": 37, "column": null }
          },
          { "start": {}, "end": {} }
        ]
      }
    },
    "s": {
      "0": 0,
      "1": 0,
      "2": 0,
      "3": 0,
      "4": 0,
      "5": 0,
      "6": 0,
      "7": 0,
      "8": 0,
      "9": 0,
      "10": 0,
      "11": 0
    },
    "f": { "0": 0, "1": 0, "2": 0 },
    "b": { "0": [0, 0] }
  },
  "/Users/sonjunseok/Desktop/workspace/service-frontend/packages/ui/src/carousel/carousel-root.tsx": {
    "path": "/Users/sonjunseok/Desktop/workspace/service-frontend/packages/ui/src/carousel/carousel-root.tsx",
    "statementMap": {
      "0": {
        "start": { "line": 20, "column": 4 },
        "end": { "line": 52, "column": null }
      },
      "1": {
        "start": { "line": 21, "column": 31 },
        "end": { "line": 23, "column": null }
      },
      "2": {
        "start": { "line": 24, "column": 59 },
        "end": { "line": 32, "column": null }
      },
      "3": {
        "start": { "line": 27, "column": 23 },
        "end": { "line": 27, "column": null }
      },
      "4": {
        "start": { "line": 28, "column": 6 },
        "end": { "line": 30, "column": null }
      },
      "5": {
        "start": { "line": 34, "column": 16 },
        "end": { "line": 43, "column": null }
      },
      "6": {
        "start": { "line": 35, "column": 11 },
        "end": { "line": 41, "column": null }
      },
      "7": {
        "start": { "line": 45, "column": 2 },
        "end": { "line": 50, "column": null }
      }
    },
    "fnMap": {
      "0": {
        "name": "(anonymous_0)",
        "decl": {
          "start": { "line": 20, "column": 4 },
          "end": { "line": 20, "column": 5 }
        },
        "loc": {
          "start": { "line": 20, "column": 68 },
          "end": { "line": 52, "column": null }
        }
      },
      "1": {
        "name": "(anonymous_1)",
        "decl": {
          "start": { "line": 26, "column": 4 },
          "end": { "line": 26, "column": 10 }
        },
        "loc": {
          "start": { "line": 26, "column": 10 },
          "end": { "line": 31, "column": null }
        }
      },
      "2": {
        "name": "(anonymous_2)",
        "decl": {
          "start": { "line": 35, "column": 4 },
          "end": { "line": 35, "column": 11 }
        },
        "loc": {
          "start": { "line": 35, "column": 11 },
          "end": { "line": 41, "column": null }
        }
      }
    },
    "branchMap": {
      "0": {
        "loc": {
          "start": { "line": 28, "column": 6 },
          "end": { "line": 30, "column": null }
        },
        "type": "cond-expr",
        "locations": [
          {
            "start": { "line": 29, "column": 10 },
            "end": { "line": 29, "column": null }
          },
          {
            "start": { "line": 30, "column": 10 },
            "end": { "line": 30, "column": null }
          }
        ]
      }
    },
    "s": { "0": 0, "1": 0, "2": 0, "3": 0, "4": 0, "5": 0, "6": 0, "7": 0 },
    "f": { "0": 0, "1": 0, "2": 0 },
    "b": { "0": [0, 0] }
  },
  "/Users/sonjunseok/Desktop/workspace/service-frontend/packages/ui/src/carousel/carousel-track.tsx": {
    "path": "/Users/sonjunseok/Desktop/workspace/service-frontend/packages/ui/src/carousel/carousel-track.tsx",
    "statementMap": {
      "0": {
        "start": { "line": 11, "column": 4 },
        "end": { "line": 21, "column": null }
      },
      "1": {
        "start": { "line": 12, "column": 23 },
        "end": { "line": 12, "column": null }
      },
      "2": {
        "start": { "line": 14, "column": 2 },
        "end": { "line": 19, "column": null }
      }
    },
    "fnMap": {
      "0": {
        "name": "(anonymous_0)",
        "decl": {
          "start": { "line": 11, "column": 4 },
          "end": { "line": 11, "column": 5 }
        },
        "loc": {
          "start": { "line": 11, "column": 43 },
          "end": { "line": 21, "column": null }
        }
      }
    },
    "branchMap": {},
    "s": { "0": 0, "1": 0, "2": 0 },
    "f": { "0": 0 },
    "b": {}
  },
  "/Users/sonjunseok/Desktop/workspace/service-frontend/packages/ui/src/carousel/index.ts": {
    "path": "/Users/sonjunseok/Desktop/workspace/service-frontend/packages/ui/src/carousel/index.ts",
    "statementMap": {
      "0": {
        "start": { "line": 6, "column": 24 },
        "end": { "line": 11, "column": null }
      }
    },
    "fnMap": {},
    "branchMap": {},
    "s": { "0": 0 },
    "f": {},
    "b": {}
  },
  "/Users/sonjunseok/Desktop/workspace/service-frontend/packages/ui/src/carousel/use-auto-play-progress.ts": {
    "path": "/Users/sonjunseok/Desktop/workspace/service-frontend/packages/ui/src/carousel/use-auto-play-progress.ts",
    "statementMap": {
      "0": {
        "start": { "line": 8, "column": 35 },
        "end": { "line": 63, "column": null }
      },
      "1": {
        "start": { "line": 12, "column": 58 },
        "end": { "line": 12, "column": null }
      },
      "2": {
        "start": { "line": 13, "column": 24 },
        "end": { "line": 13, "column": null }
      },
      "3": {
        "start": { "line": 14, "column": 20 },
        "end": { "line": 14, "column": null }
      },
      "4": {
        "start": { "line": 15, "column": 16 },
        "end": { "line": 15, "column": null }
      },
      "5": {
        "start": { "line": 18, "column": 24 },
        "end": { "line": 41, "column": null }
      },
      "6": {
        "start": { "line": 19, "column": 17 },
        "end": { "line": 19, "column": null }
      },
      "7": {
        "start": { "line": 21, "column": 4 },
        "end": { "line": 21, "column": null }
      },
      "8": {
        "start": { "line": 21, "column": 15 },
        "end": { "line": 21, "column": null }
      },
      "9": {
        "start": { "line": 22, "column": 4 },
        "end": { "line": 22, "column": null }
      },
      "10": {
        "start": { "line": 22, "column": 32 },
        "end": { "line": 22, "column": null }
      },
      "11": {
        "start": { "line": 24, "column": 4 },
        "end": { "line": 27, "column": null }
      },
      "12": {
        "start": { "line": 25, "column": 20 },
        "end": { "line": 25, "column": null }
      },
      "13": {
        "start": { "line": 26, "column": 6 },
        "end": { "line": 26, "column": null }
      },
      "14": {
        "start": { "line": 29, "column": 4 },
        "end": { "line": 29, "column": null }
      },
      "15": {
        "start": { "line": 30, "column": 4 },
        "end": { "line": 30, "column": null }
      },
      "16": {
        "start": { "line": 32, "column": 4 },
        "end": { "line": 32, "column": null }
      },
      "17": {
        "start": { "line": 33, "column": 4 },
        "end": { "line": 38, "column": null }
      },
      "18": {
        "start": { "line": 34, "column": 6 },
        "end": { "line": 37, "column": null }
      },
      "19": {
        "start": { "line": 35, "column": 8 },
        "end": { "line": 35, "column": null }
      },
      "20": {
        "start": { "line": 36, "column": 8 },
        "end": { "line": 36, "column": null }
      },
      "21": {
        "start": { "line": 40, "column": 4 },
        "end": { "line": 40, "column": null }
      },
      "22": {
        "start": { "line": 44, "column": 2 },
        "end": { "line": 51, "column": null }
      },
      "23": {
        "start": { "line": 45, "column": 21 },
        "end": { "line": 45, "column": null }
      },
      "24": {
        "start": { "line": 46, "column": 4 },
        "end": { "line": 46, "column": null }
      },
      "25": {
        "start": { "line": 46, "column": 19 },
        "end": { "line": 46, "column": null }
      },
      "26": {
        "start": { "line": 48, "column": 4 },
        "end": { "line": 50, "column": null }
      },
      "27": {
        "start": { "line": 49, "column": 37 },
        "end": { "line": 49, "column": 76 }
      },
      "28": {
        "start": { "line": 50, "column": 41 },
        "end": { "line": 50, "column": 71 }
      },
      "29": {
        "start": { "line": 53, "column": 2 },
        "end": { "line": 58, "column": null }
      },
      "30": {
        "start": { "line": 54, "column": 4 },
        "end": { "line": 57, "column": null }
      },
      "31": {
        "start": { "line": 55, "column": 6 },
        "end": { "line": 55, "column": null }
      },
      "32": {
        "start": { "line": 56, "column": 6 },
        "end": { "line": 56, "column": null }
      },
      "33": {
        "start": { "line": 60, "column": 2 },
        "end": { "line": 62, "column": null }
      }
    },
    "fnMap": {
      "0": {
        "name": "(anonymous_0)",
        "decl": {
          "start": { "line": 8, "column": 35 },
          "end": { "line": 8, "column": null }
        },
        "loc": {
          "start": { "line": 11, "column": 30 },
          "end": { "line": 63, "column": null }
        }
      },
      "1": {
        "name": "(anonymous_1)",
        "decl": {
          "start": { "line": 18, "column": 36 },
          "end": { "line": 18, "column": 37 }
        },
        "loc": {
          "start": { "line": 18, "column": 70 },
          "end": { "line": 41, "column": 5 }
        }
      },
      "2": {
        "name": "(anonymous_2)",
        "decl": {
          "start": { "line": 33, "column": 49 },
          "end": { "line": 33, "column": 55 }
        },
        "loc": {
          "start": { "line": 33, "column": 55 },
          "end": { "line": 38, "column": 5 }
        }
      },
      "3": {
        "name": "(anonymous_3)",
        "decl": {
          "start": { "line": 34, "column": 44 },
          "end": { "line": 34, "column": 50 }
        },
        "loc": {
          "start": { "line": 34, "column": 50 },
          "end": { "line": 37, "column": 9 }
        }
      },
      "4": {
        "name": "(anonymous_4)",
        "decl": {
          "start": { "line": 44, "column": 12 },
          "end": { "line": 44, "column": 18 }
        },
        "loc": {
          "start": { "line": 44, "column": 18 },
          "end": { "line": 51, "column": 5 }
        }
      },
      "5": {
        "name": "(anonymous_5)",
        "decl": {
          "start": { "line": 49, "column": 31 },
          "end": { "line": 49, "column": 37 }
        },
        "loc": {
          "start": { "line": 49, "column": 37 },
          "end": { "line": 49, "column": 76 }
        }
      },
      "6": {
        "name": "(anonymous_6)",
        "decl": {
          "start": { "line": 50, "column": 35 },
          "end": { "line": 50, "column": 41 }
        },
        "loc": {
          "start": { "line": 50, "column": 41 },
          "end": { "line": 50, "column": 71 }
        }
      },
      "7": {
        "name": "(anonymous_7)",
        "decl": {
          "start": { "line": 53, "column": 12 },
          "end": { "line": 53, "column": 18 }
        },
        "loc": {
          "start": { "line": 53, "column": 18 },
          "end": { "line": 58, "column": 5 }
        }
      },
      "8": {
        "name": "(anonymous_8)",
        "decl": {
          "start": { "line": 54, "column": 11 },
          "end": { "line": 54, "column": 17 }
        },
        "loc": {
          "start": { "line": 54, "column": 17 },
          "end": { "line": 57, "column": null }
        }
      }
    },
    "branchMap": {
      "0": {
        "loc": {
          "start": { "line": 21, "column": 4 },
          "end": { "line": 21, "column": null }
        },
        "type": "if",
        "locations": [
          {
            "start": { "line": 21, "column": 4 },
            "end": { "line": 21, "column": null }
          },
          { "start": {}, "end": {} }
        ]
      },
      "1": {
        "loc": {
          "start": { "line": 22, "column": 4 },
          "end": { "line": 22, "column": null }
        },
        "type": "if",
        "locations": [
          {
            "start": { "line": 22, "column": 4 },
            "end": { "line": 22, "column": null }
          },
          { "start": {}, "end": {} }
        ]
      },
      "2": {
        "loc": {
          "start": { "line": 24, "column": 4 },
          "end": { "line": 27, "column": null }
        },
        "type": "if",
        "locations": [
          {
            "start": { "line": 24, "column": 4 },
            "end": { "line": 27, "column": null }
          },
          { "start": {}, "end": {} }
        ]
      },
      "3": {
        "loc": {
          "start": { "line": 46, "column": 4 },
          "end": { "line": 46, "column": null }
        },
        "type": "if",
        "locations": [
          {
            "start": { "line": 46, "column": 4 },
            "end": { "line": 46, "column": null }
          },
          { "start": {}, "end": {} }
        ]
      }
    },
    "s": {
      "0": 1,
      "1": 5,
      "2": 5,
      "3": 5,
      "4": 5,
      "5": 5,
      "6": 2,
      "7": 2,
      "8": 1,
      "9": 1,
      "10": 0,
      "11": 1,
      "12": 1,
      "13": 1,
      "14": 1,
      "15": 1,
      "16": 1,
      "17": 1,
      "18": 0,
      "19": 0,
      "20": 0,
      "21": 1,
      "22": 5,
      "23": 3,
      "24": 3,
      "25": 0,
      "26": 3,
      "27": 2,
      "28": 1,
      "29": 5,
      "30": 3,
      "31": 1,
      "32": 1,
      "33": 5
    },
    "f": {
      "0": 5,
      "1": 2,
      "2": 0,
      "3": 0,
      "4": 3,
      "5": 2,
      "6": 1,
      "7": 3,
      "8": 1
    },
    "b": { "0": [1, 1], "1": [0, 1], "2": [1, 0], "3": [0, 3] }
  },
  "/Users/sonjunseok/Desktop/workspace/service-frontend/packages/ui/src/carousel/use-auto-play.ts": {
    "path": "/Users/sonjunseok/Desktop/workspace/service-frontend/packages/ui/src/carousel/use-auto-play.ts",
    "statementMap": {
      "0": {
        "start": { "line": 10, "column": 27 },
        "end": { "line": 55, "column": null }
      },
      "1": {
        "start": { "line": 13, "column": 52 },
        "end": { "line": 13, "column": null }
      },
      "2": {
        "start": { "line": 15, "column": 32 },
        "end": { "line": 29, "column": null }
      },
      "3": {
        "start": { "line": 17, "column": 23 },
        "end": { "line": 17, "column": null }
      },
      "4": {
        "start": { "line": 18, "column": 6 },
        "end": { "line": 18, "column": null }
      },
      "5": {
        "start": { "line": 18, "column": 21 },
        "end": { "line": 18, "column": null }
      },
      "6": {
        "start": { "line": 21, "column": 8 },
        "end": { "line": 23, "column": null }
      },
      "7": {
        "start": { "line": 25, "column": 6 },
        "end": { "line": 25, "column": null }
      },
      "8": {
        "start": { "line": 26, "column": 6 },
        "end": { "line": 26, "column": null }
      },
      "9": {
        "start": { "line": 31, "column": 25 },
        "end": { "line": 37, "column": null }
      },
      "10": {
        "start": { "line": 32, "column": 21 },
        "end": { "line": 32, "column": null }
      },
      "11": {
        "start": { "line": 33, "column": 4 },
        "end": { "line": 33, "column": null }
      },
      "12": {
        "start": { "line": 33, "column": 19 },
        "end": { "line": 33, "column": null }
      },
      "13": {
        "start": { "line": 35, "column": 23 },
        "end": { "line": 35, "column": null }
      },
      "14": {
        "start": { "line": 36, "column": 4 },
        "end": { "line": 36, "column": null }
      },
      "15": {
        "start": { "line": 39, "column": 2 },
        "end": { "line": 48, "column": null }
      },
      "16": {
        "start": { "line": 40, "column": 21 },
        "end": { "line": 40, "column": null }
      },
      "17": {
        "start": { "line": 41, "column": 4 },
        "end": { "line": 41, "column": null }
      },
      "18": {
        "start": { "line": 41, "column": 19 },
        "end": { "line": 41, "column": null }
      },
      "19": {
        "start": { "line": 43, "column": 4 },
        "end": { "line": 43, "column": null }
      },
      "20": {
        "start": { "line": 44, "column": 4 },
        "end": { "line": 47, "column": null }
      },
      "21": {
        "start": { "line": 45, "column": 33 },
        "end": { "line": 45, "column": 59 }
      },
      "22": {
        "start": { "line": 46, "column": 33 },
        "end": { "line": 46, "column": 60 }
      },
      "23": {
        "start": { "line": 47, "column": 26 },
        "end": { "line": 47, "column": 68 }
      },
      "24": {
        "start": { "line": 50, "column": 2 },
        "end": { "line": 54, "column": null }
      }
    },
    "fnMap": {
      "0": {
        "name": "(anonymous_0)",
        "decl": {
          "start": { "line": 10, "column": 27 },
          "end": { "line": 10, "column": null }
        },
        "loc": {
          "start": { "line": 12, "column": 22 },
          "end": { "line": 55, "column": null }
        }
      },
      "1": {
        "name": "(anonymous_1)",
        "decl": {
          "start": { "line": 16, "column": 4 },
          "end": { "line": 16, "column": 5 }
        },
        "loc": {
          "start": { "line": 16, "column": 30 },
          "end": { "line": 27, "column": null }
        }
      },
      "2": {
        "name": "(anonymous_2)",
        "decl": {
          "start": { "line": 31, "column": 37 },
          "end": { "line": 31, "column": 43 }
        },
        "loc": {
          "start": { "line": 31, "column": 43 },
          "end": { "line": 37, "column": 5 }
        }
      },
      "3": {
        "name": "(anonymous_3)",
        "decl": {
          "start": { "line": 39, "column": 12 },
          "end": { "line": 39, "column": 18 }
        },
        "loc": {
          "start": { "line": 39, "column": 18 },
          "end": { "line": 48, "column": 5 }
        }
      },
      "4": {
        "name": "(anonymous_4)",
        "decl": {
          "start": { "line": 45, "column": 27 },
          "end": { "line": 45, "column": 33 }
        },
        "loc": {
          "start": { "line": 45, "column": 33 },
          "end": { "line": 45, "column": 59 }
        }
      },
      "5": {
        "name": "(anonymous_5)",
        "decl": {
          "start": { "line": 46, "column": 27 },
          "end": { "line": 46, "column": 33 }
        },
        "loc": {
          "start": { "line": 46, "column": 33 },
          "end": { "line": 46, "column": 60 }
        }
      },
      "6": {
        "name": "(anonymous_6)",
        "decl": {
          "start": { "line": 47, "column": 20 },
          "end": { "line": 47, "column": 26 }
        },
        "loc": {
          "start": { "line": 47, "column": 26 },
          "end": { "line": 47, "column": 68 }
        }
      }
    },
    "branchMap": {
      "0": {
        "loc": {
          "start": { "line": 18, "column": 6 },
          "end": { "line": 18, "column": null }
        },
        "type": "if",
        "locations": [
          {
            "start": { "line": 18, "column": 6 },
            "end": { "line": 18, "column": null }
          },
          { "start": {}, "end": {} }
        ]
      },
      "1": {
        "loc": {
          "start": { "line": 21, "column": 8 },
          "end": { "line": 23, "column": null }
        },
        "type": "cond-expr",
        "locations": [
          {
            "start": { "line": 22, "column": 12 },
            "end": { "line": 22, "column": null }
          },
          {
            "start": { "line": 23, "column": 12 },
            "end": { "line": 23, "column": null }
          }
        ]
      },
      "2": {
        "loc": {
          "start": { "line": 33, "column": 4 },
          "end": { "line": 33, "column": null }
        },
        "type": "if",
        "locations": [
          {
            "start": { "line": 33, "column": 4 },
            "end": { "line": 33, "column": null }
          },
          { "start": {}, "end": {} }
        ]
      },
      "3": {
        "loc": {
          "start": { "line": 35, "column": 23 },
          "end": { "line": 35, "column": null }
        },
        "type": "cond-expr",
        "locations": [
          {
            "start": { "line": 35, "column": 46 },
            "end": { "line": 35, "column": 62 }
          },
          {
            "start": { "line": 35, "column": 62 },
            "end": { "line": 35, "column": null }
          }
        ]
      },
      "4": {
        "loc": {
          "start": { "line": 41, "column": 4 },
          "end": { "line": 41, "column": null }
        },
        "type": "if",
        "locations": [
          {
            "start": { "line": 41, "column": 4 },
            "end": { "line": 41, "column": null }
          },
          { "start": {}, "end": {} }
        ]
      }
    },
    "s": {
      "0": 1,
      "1": 12,
      "2": 12,
      "3": 2,
      "4": 2,
      "5": 0,
      "6": 2,
      "7": 2,
      "8": 2,
      "9": 12,
      "10": 2,
      "11": 2,
      "12": 0,
      "13": 2,
      "14": 2,
      "15": 12,
      "16": 5,
      "17": 5,
      "18": 0,
      "19": 5,
      "20": 5,
      "21": 1,
      "22": 1,
      "23": 0,
      "24": 12
    },
    "f": { "0": 12, "1": 2, "2": 2, "3": 5, "4": 1, "5": 1, "6": 0 },
    "b": { "0": [0, 2], "1": [1, 1], "2": [0, 2], "3": [1, 1], "4": [0, 5] }
  },
  "/Users/sonjunseok/Desktop/workspace/service-frontend/packages/ui/src/carousel/use-carousel-dot-button.ts": {
    "path": "/Users/sonjunseok/Desktop/workspace/service-frontend/packages/ui/src/carousel/use-carousel-dot-button.ts",
    "statementMap": {
      "0": {
        "start": { "line": 10, "column": 28 },
        "end": { "line": 47, "column": null }
      },
      "1": {
        "start": { "line": 14, "column": 44 },
        "end": { "line": 14, "column": null }
      },
      "2": {
        "start": { "line": 15, "column": 40 },
        "end": { "line": 15, "column": null }
      },
      "3": {
        "start": { "line": 17, "column": 27 },
        "end": { "line": 24, "column": null }
      },
      "4": {
        "start": { "line": 19, "column": 6 },
        "end": { "line": 19, "column": null }
      },
      "5": {
        "start": { "line": 19, "column": 21 },
        "end": { "line": 19, "column": null }
      },
      "6": {
        "start": { "line": 20, "column": 6 },
        "end": { "line": 20, "column": null }
      },
      "7": {
        "start": { "line": 21, "column": 6 },
        "end": { "line": 21, "column": null }
      },
      "8": {
        "start": { "line": 21, "column": 25 },
        "end": { "line": 21, "column": null }
      },
      "9": {
        "start": { "line": 26, "column": 17 },
        "end": { "line": 28, "column": null }
      },
      "10": {
        "start": { "line": 27, "column": 4 },
        "end": { "line": 27, "column": null }
      },
      "11": {
        "start": { "line": 30, "column": 19 },
        "end": { "line": 32, "column": null }
      },
      "12": {
        "start": { "line": 31, "column": 4 },
        "end": { "line": 31, "column": null }
      },
      "13": {
        "start": { "line": 34, "column": 2 },
        "end": { "line": 40, "column": null }
      },
      "14": {
        "start": { "line": 35, "column": 4 },
        "end": { "line": 35, "column": null }
      },
      "15": {
        "start": { "line": 35, "column": 19 },
        "end": { "line": 35, "column": null }
      },
      "16": {
        "start": { "line": 37, "column": 4 },
        "end": { "line": 37, "column": null }
      },
      "17": {
        "start": { "line": 38, "column": 4 },
        "end": { "line": 38, "column": null }
      },
      "18": {
        "start": { "line": 39, "column": 4 },
        "end": { "line": 39, "column": null }
      },
      "19": {
        "start": { "line": 42, "column": 2 },
        "end": { "line": 46, "column": null }
      }
    },
    "fnMap": {
      "0": {
        "name": "(anonymous_0)",
        "decl": {
          "start": { "line": 10, "column": 28 },
          "end": { "line": 10, "column": null }
        },
        "loc": {
          "start": { "line": 13, "column": 23 },
          "end": { "line": 47, "column": null }
        }
      },
      "1": {
        "name": "(anonymous_1)",
        "decl": {
          "start": { "line": 18, "column": 4 },
          "end": { "line": 18, "column": 5 }
        },
        "loc": {
          "start": { "line": 18, "column": 23 },
          "end": { "line": 22, "column": null }
        }
      },
      "2": {
        "name": "(anonymous_2)",
        "decl": {
          "start": { "line": 26, "column": 29 },
          "end": { "line": 26, "column": 30 }
        },
        "loc": {
          "start": { "line": 26, "column": 62 },
          "end": { "line": 28, "column": 5 }
        }
      },
      "3": {
        "name": "(anonymous_3)",
        "decl": {
          "start": { "line": 30, "column": 31 },
          "end": { "line": 30, "column": 32 }
        },
        "loc": {
          "start": { "line": 30, "column": 64 },
          "end": { "line": 32, "column": 5 }
        }
      },
      "4": {
        "name": "(anonymous_4)",
        "decl": {
          "start": { "line": 34, "column": 12 },
          "end": { "line": 34, "column": 18 }
        },
        "loc": {
          "start": { "line": 34, "column": 18 },
          "end": { "line": 40, "column": 5 }
        }
      }
    },
    "branchMap": {
      "0": {
        "loc": {
          "start": { "line": 19, "column": 6 },
          "end": { "line": 19, "column": null }
        },
        "type": "if",
        "locations": [
          {
            "start": { "line": 19, "column": 6 },
            "end": { "line": 19, "column": null }
          },
          { "start": {}, "end": {} }
        ]
      },
      "1": {
        "loc": {
          "start": { "line": 21, "column": 6 },
          "end": { "line": 21, "column": null }
        },
        "type": "if",
        "locations": [
          {
            "start": { "line": 21, "column": 6 },
            "end": { "line": 21, "column": null }
          },
          { "start": {}, "end": {} }
        ]
      },
      "2": {
        "loc": {
          "start": { "line": 35, "column": 4 },
          "end": { "line": 35, "column": null }
        },
        "type": "if",
        "locations": [
          {
            "start": { "line": 35, "column": 4 },
            "end": { "line": 35, "column": null }
          },
          { "start": {}, "end": {} }
        ]
      }
    },
    "s": {
      "0": 1,
      "1": 9,
      "2": 9,
      "3": 9,
      "4": 2,
      "5": 0,
      "6": 2,
      "7": 2,
      "8": 1,
      "9": 9,
      "10": 4,
      "11": 9,
      "12": 5,
      "13": 9,
      "14": 4,
      "15": 0,
      "16": 4,
      "17": 4,
      "18": 4,
      "19": 9
    },
    "f": { "0": 9, "1": 2, "2": 4, "3": 5, "4": 4 },
    "b": { "0": [0, 2], "1": [1, 1], "2": [0, 4] }
  },
  "/Users/sonjunseok/Desktop/workspace/service-frontend/packages/ui/turbo/generators/config.ts": {
    "path": "/Users/sonjunseok/Desktop/workspace/service-frontend/packages/ui/turbo/generators/config.ts",
    "statementMap": {
      "0": {
        "start": { "line": 7, "column": 2 },
        "end": { "line": 29, "column": null }
      }
    },
    "fnMap": {
      "0": {
        "name": "generator",
        "decl": {
          "start": { "line": 5, "column": 24 },
          "end": { "line": 5, "column": 34 }
        },
        "loc": {
          "start": { "line": 5, "column": 69 },
          "end": { "line": 30, "column": null }
        }
      }
    },
    "branchMap": {},
    "s": { "0": 0 },
    "f": { "0": 0 },
    "b": {}
  }
}
