{
  "/Users/sonjunseok/Desktop/workspace/service-frontend/packages/ui/src/button.tsx": {
    "path": "/Users/sonjunseok/Desktop/workspace/service-frontend/packages/ui/src/button.tsx",
    "statementMap": {
      "0": {
        "start": { "line": 11, "column": 22 },
        "end": { "line": 20, "column": null }
      },
      "1": {
        "start": { "line": 12, "column": 2 },
        "end": { "line": 18, "column": null }
      },
      "2": {
        "start": { "line": 15, "column": 21 },
        "end": { "line": 15, "column": null }
      }
    },
    "fnMap": {
      "0": {
        "name": "(anonymous_0)",
        "decl": {
          "start": { "line": 11, "column": 22 },
          "end": { "line": 11, "column": 23 }
        },
        "loc": {
          "start": { "line": 11, "column": 73 },
          "end": { "line": 20, "column": null }
        }
      },
      "1": {
        "name": "(anonymous_1)",
        "decl": {
          "start": { "line": 15, "column": 15 },
          "end": { "line": 15, "column": 21 }
        },
        "loc": {
          "start": { "line": 15, "column": 21 },
          "end": { "line": 15, "column": null }
        }
      }
    },
    "branchMap": {},
    "s": { "0": 1, "1": 2, "2": 1 },
    "f": { "0": 2, "1": 1 },
    "b": {}
  },
  "/Users/sonjunseok/Desktop/workspace/service-frontend/packages/ui/src/card.tsx": {
    "path": "/Users/sonjunseok/Desktop/workspace/service-frontend/packages/ui/src/card.tsx",
    "statementMap": {
      "0": {
        "start": { "line": 14, "column": 2 },
        "end": { "line": 25, "column": null }
      }
    },
    "fnMap": {
      "0": {
        "name": "Card",
        "decl": {
          "start": { "line": 3, "column": 16 },
          "end": { "line": 3, "column": 21 }
        },
        "loc": {
          "start": { "line": 13, "column": 16 },
          "end": { "line": 27, "column": null }
        }
      }
    },
    "branchMap": {},
    "s": { "0": 0 },
    "f": { "0": 0 },
    "b": {}
  },
  "/Users/sonjunseok/Desktop/workspace/service-frontend/packages/ui/src/code.tsx": {
    "path": "/Users/sonjunseok/Desktop/workspace/service-frontend/packages/ui/src/code.tsx",
    "statementMap": {
      "0": {
        "start": { "line": 10, "column": 2 },
        "end": { "line": 10, "column": null }
      }
    },
    "fnMap": {
      "0": {
        "name": "Code",
        "decl": {
          "start": { "line": 3, "column": 16 },
          "end": { "line": 3, "column": 21 }
        },
        "loc": {
          "start": { "line": 9, "column": 16 },
          "end": { "line": 11, "column": null }
        }
      }
    },
    "branchMap": {},
    "s": { "0": 0 },
    "f": { "0": 0 },
    "b": {}
  },
  "/Users/sonjunseok/Desktop/workspace/service-frontend/packages/ui/src/carousel/carousel-buttons.tsx": {
    "path": "/Users/sonjunseok/Desktop/workspace/service-frontend/packages/ui/src/carousel/carousel-buttons.tsx",
    "statementMap": {
      "0": {
        "start": { "line": 8, "column": 45 },
        "end": { "line": 16, "column": null }
      },
      "1": {
        "start": { "line": 9, "column": 37 },
        "end": { "line": 9, "column": null }
      },
      "2": {
        "start": { "line": 11, "column": 2 },
        "end": { "line": 14, "column": null }
      },
      "3": {
        "start": { "line": 18, "column": 43 },
        "end": { "line": 38, "column": null }
      },
      "4": {
        "start": { "line": 19, "column": 59 },
        "end": { "line": 19, "column": null }
      },
      "5": {
        "start": { "line": 21, "column": 2 },
        "end": { "line": 36, "column": null }
      },
      "6": {
        "start": { "line": 25, "column": 10 },
        "end": { "line": 33, "column": null }
      },
      "7": {
        "start": { "line": 27, "column": 27 },
        "end": { "line": 27, "column": null }
      }
    },
    "fnMap": {
      "0": {
        "name": "(anonymous_0)",
        "decl": {
          "start": { "line": 8, "column": 45 },
          "end": { "line": 8, "column": 54 }
        },
        "loc": {
          "start": { "line": 8, "column": 54 },
          "end": { "line": 16, "column": null }
        }
      },
      "1": {
        "name": "(anonymous_1)",
        "decl": {
          "start": { "line": 18, "column": 43 },
          "end": { "line": 18, "column": 49 }
        },
        "loc": {
          "start": { "line": 18, "column": 49 },
          "end": { "line": 38, "column": null }
        }
      },
      "2": {
        "name": "(anonymous_2)",
        "decl": {
          "start": { "line": 24, "column": 25 },
          "end": { "line": 24, "column": 26 }
        },
        "loc": {
          "start": { "line": 25, "column": 10 },
          "end": { "line": 33, "column": null }
        }
      },
      "3": {
        "name": "(anonymous_3)",
        "decl": {
          "start": { "line": 27, "column": 21 },
          "end": { "line": 27, "column": 27 }
        },
        "loc": {
          "start": { "line": 27, "column": 27 },
          "end": { "line": 27, "column": null }
        }
      }
    },
    "branchMap": {
      "0": {
        "loc": {
          "start": { "line": 31, "column": 14 },
          "end": { "line": 31, "column": null }
        },
        "type": "binary-expr",
        "locations": [
          {
            "start": { "line": 31, "column": 14 },
            "end": { "line": 31, "column": 41 }
          },
          {
            "start": { "line": 31, "column": 41 },
            "end": { "line": 31, "column": null }
          }
        ]
      }
    },
    "s": { "0": 0, "1": 0, "2": 0, "3": 0, "4": 0, "5": 0, "6": 0, "7": 0 },
    "f": { "0": 0, "1": 0, "2": 0, "3": 0 },
    "b": { "0": [0, 0] }
  },
  "/Users/sonjunseok/Desktop/workspace/service-frontend/packages/ui/src/carousel/carousel-context.tsx": {
    "path": "/Users/sonjunseok/Desktop/workspace/service-frontend/packages/ui/src/carousel/carousel-context.tsx",
    "statementMap": {
      "0": {
        "start": { "line": 13, "column": 31 },
        "end": { "line": 13, "column": null }
      },
      "1": {
        "start": { "line": 15, "column": 27 },
        "end": { "line": 19, "column": null }
      },
      "2": {
        "start": { "line": 16, "column": 18 },
        "end": { "line": 16, "column": null }
      },
      "3": {
        "start": { "line": 17, "column": 2 },
        "end": { "line": 17, "column": null }
      },
      "4": {
        "start": { "line": 17, "column": 16 },
        "end": { "line": 17, "column": null }
      },
      "5": {
        "start": { "line": 18, "column": 2 },
        "end": { "line": 18, "column": null }
      }
    },
    "fnMap": {
      "0": {
        "name": "(anonymous_0)",
        "decl": {
          "start": { "line": 15, "column": 27 },
          "end": { "line": 15, "column": 33 }
        },
        "loc": {
          "start": { "line": 15, "column": 33 },
          "end": { "line": 19, "column": null }
        }
      }
    },
    "branchMap": {
      "0": {
        "loc": {
          "start": { "line": 17, "column": 2 },
          "end": { "line": 17, "column": null }
        },
        "type": "if",
        "locations": [
          {
            "start": { "line": 17, "column": 2 },
            "end": { "line": 17, "column": null }
          },
          { "start": {}, "end": {} }
        ]
      }
    },
    "s": { "0": 0, "1": 0, "2": 0, "3": 0, "4": 0, "5": 0 },
    "f": { "0": 0 },
    "b": { "0": [0, 0] }
  },
  "/Users/sonjunseok/Desktop/workspace/service-frontend/packages/ui/src/carousel/carousel-root.tsx": {
    "path": "/Users/sonjunseok/Desktop/workspace/service-frontend/packages/ui/src/carousel/carousel-root.tsx",
    "statementMap": {
      "0": {
        "start": { "line": 14, "column": 5 },
        "end": { "line": 44, "column": null }
      },
      "1": {
        "start": { "line": 15, "column": 31 },
        "end": { "line": 17, "column": null }
      },
      "2": {
        "start": { "line": 18, "column": 59 },
        "end": { "line": 26, "column": null }
      },
      "3": {
        "start": { "line": 21, "column": 23 },
        "end": { "line": 21, "column": null }
      },
      "4": {
        "start": { "line": 22, "column": 6 },
        "end": { "line": 24, "column": null }
      },
      "5": {
        "start": { "line": 28, "column": 16 },
        "end": { "line": 37, "column": null }
      },
      "6": {
        "start": { "line": 29, "column": 11 },
        "end": { "line": 35, "column": null }
      },
      "7": {
        "start": { "line": 39, "column": 2 },
        "end": { "line": 42, "column": null }
      }
    },
    "fnMap": {
      "0": {
        "name": "(anonymous_0)",
        "decl": {
          "start": { "line": 14, "column": 5 },
          "end": { "line": 14, "column": 6 }
        },
        "loc": {
          "start": { "line": 14, "column": 48 },
          "end": { "line": 44, "column": null }
        }
      },
      "1": {
        "name": "(anonymous_1)",
        "decl": {
          "start": { "line": 20, "column": 4 },
          "end": { "line": 20, "column": 10 }
        },
        "loc": {
          "start": { "line": 20, "column": 10 },
          "end": { "line": 25, "column": null }
        }
      },
      "2": {
        "name": "(anonymous_2)",
        "decl": {
          "start": { "line": 29, "column": 4 },
          "end": { "line": 29, "column": 11 }
        },
        "loc": {
          "start": { "line": 29, "column": 11 },
          "end": { "line": 35, "column": null }
        }
      }
    },
    "branchMap": {
      "0": {
        "loc": {
          "start": { "line": 22, "column": 6 },
          "end": { "line": 24, "column": null }
        },
        "type": "cond-expr",
        "locations": [
          {
            "start": { "line": 23, "column": 10 },
            "end": { "line": 23, "column": null }
          },
          {
            "start": { "line": 24, "column": 10 },
            "end": { "line": 24, "column": null }
          }
        ]
      }
    },
    "s": { "0": 0, "1": 0, "2": 0, "3": 0, "4": 0, "5": 0, "6": 0, "7": 0 },
    "f": { "0": 0, "1": 0, "2": 0 },
    "b": { "0": [0, 0] }
  },
  "/Users/sonjunseok/Desktop/workspace/service-frontend/packages/ui/src/carousel/carousel-slide.tsx": {
    "path": "/Users/sonjunseok/Desktop/workspace/service-frontend/packages/ui/src/carousel/carousel-slide.tsx",
    "statementMap": {
      "0": {
        "start": { "line": 4, "column": 70 },
        "end": { "line": 14, "column": null }
      },
      "1": {
        "start": { "line": 7, "column": 2 },
        "end": { "line": 12, "column": null }
      }
    },
    "fnMap": {
      "0": {
        "name": "(anonymous_0)",
        "decl": {
          "start": { "line": 4, "column": 70 },
          "end": { "line": 4, "column": 71 }
        },
        "loc": {
          "start": { "line": 6, "column": 6 },
          "end": { "line": 14, "column": null }
        }
      }
    },
    "branchMap": {},
    "s": { "0": 0, "1": 0 },
    "f": { "0": 0 },
    "b": {}
  },
  "/Users/sonjunseok/Desktop/workspace/service-frontend/packages/ui/src/carousel/carousel-track.tsx": {
    "path": "/Users/sonjunseok/Desktop/workspace/service-frontend/packages/ui/src/carousel/carousel-track.tsx",
    "statementMap": {
      "0": {
        "start": { "line": 7, "column": 5 },
        "end": { "line": 15, "column": null }
      },
      "1": {
        "start": { "line": 8, "column": 23 },
        "end": { "line": 8, "column": null }
      },
      "2": {
        "start": { "line": 10, "column": 2 },
        "end": { "line": 13, "column": null }
      }
    },
    "fnMap": {
      "0": {
        "name": "(anonymous_0)",
        "decl": {
          "start": { "line": 7, "column": 5 },
          "end": { "line": 7, "column": 6 }
        },
        "loc": {
          "start": { "line": 7, "column": 23 },
          "end": { "line": 15, "column": null }
        }
      }
    },
    "branchMap": {},
    "s": { "0": 0, "1": 0, "2": 0 },
    "f": { "0": 0 },
    "b": {}
  },
  "/Users/sonjunseok/Desktop/workspace/service-frontend/packages/ui/src/carousel/index.tsx": {
    "path": "/Users/sonjunseok/Desktop/workspace/service-frontend/packages/ui/src/carousel/index.tsx",
    "statementMap": {
      "0": {
        "start": { "line": 6, "column": 24 },
        "end": { "line": 11, "column": null }
      }
    },
    "fnMap": {},
    "branchMap": {},
    "s": { "0": 0 },
    "f": {},
    "b": {}
  },
  "/Users/sonjunseok/Desktop/workspace/service-frontend/packages/ui/src/carousel/use-carousel-dot-button.ts": {
    "path": "/Users/sonjunseok/Desktop/workspace/service-frontend/packages/ui/src/carousel/use-carousel-dot-button.ts",
    "statementMap": {
      "0": {
        "start": { "line": 10, "column": 28 },
        "end": { "line": 47, "column": null }
      },
      "1": {
        "start": { "line": 14, "column": 44 },
        "end": { "line": 14, "column": null }
      },
      "2": {
        "start": { "line": 15, "column": 40 },
        "end": { "line": 15, "column": null }
      },
      "3": {
        "start": { "line": 17, "column": 27 },
        "end": { "line": 24, "column": null }
      },
      "4": {
        "start": { "line": 19, "column": 6 },
        "end": { "line": 19, "column": null }
      },
      "5": {
        "start": { "line": 19, "column": 21 },
        "end": { "line": 19, "column": null }
      },
      "6": {
        "start": { "line": 20, "column": 6 },
        "end": { "line": 20, "column": null }
      },
      "7": {
        "start": { "line": 21, "column": 6 },
        "end": { "line": 21, "column": null }
      },
      "8": {
        "start": { "line": 21, "column": 25 },
        "end": { "line": 21, "column": null }
      },
      "9": {
        "start": { "line": 26, "column": 17 },
        "end": { "line": 28, "column": null }
      },
      "10": {
        "start": { "line": 27, "column": 4 },
        "end": { "line": 27, "column": null }
      },
      "11": {
        "start": { "line": 30, "column": 19 },
        "end": { "line": 32, "column": null }
      },
      "12": {
        "start": { "line": 31, "column": 4 },
        "end": { "line": 31, "column": null }
      },
      "13": {
        "start": { "line": 34, "column": 2 },
        "end": { "line": 40, "column": null }
      },
      "14": {
        "start": { "line": 35, "column": 4 },
        "end": { "line": 35, "column": null }
      },
      "15": {
        "start": { "line": 35, "column": 19 },
        "end": { "line": 35, "column": null }
      },
      "16": {
        "start": { "line": 37, "column": 4 },
        "end": { "line": 37, "column": null }
      },
      "17": {
        "start": { "line": 38, "column": 4 },
        "end": { "line": 38, "column": null }
      },
      "18": {
        "start": { "line": 39, "column": 4 },
        "end": { "line": 39, "column": null }
      },
      "19": {
        "start": { "line": 42, "column": 2 },
        "end": { "line": 46, "column": null }
      }
    },
    "fnMap": {
      "0": {
        "name": "(anonymous_0)",
        "decl": {
          "start": { "line": 10, "column": 28 },
          "end": { "line": 10, "column": null }
        },
        "loc": {
          "start": { "line": 13, "column": 23 },
          "end": { "line": 47, "column": null }
        }
      },
      "1": {
        "name": "(anonymous_1)",
        "decl": {
          "start": { "line": 18, "column": 4 },
          "end": { "line": 18, "column": 5 }
        },
        "loc": {
          "start": { "line": 18, "column": 23 },
          "end": { "line": 22, "column": null }
        }
      },
      "2": {
        "name": "(anonymous_2)",
        "decl": {
          "start": { "line": 26, "column": 29 },
          "end": { "line": 26, "column": 30 }
        },
        "loc": {
          "start": { "line": 26, "column": 62 },
          "end": { "line": 28, "column": 5 }
        }
      },
      "3": {
        "name": "(anonymous_3)",
        "decl": {
          "start": { "line": 30, "column": 31 },
          "end": { "line": 30, "column": 32 }
        },
        "loc": {
          "start": { "line": 30, "column": 64 },
          "end": { "line": 32, "column": 5 }
        }
      },
      "4": {
        "name": "(anonymous_4)",
        "decl": {
          "start": { "line": 34, "column": 12 },
          "end": { "line": 34, "column": 18 }
        },
        "loc": {
          "start": { "line": 34, "column": 18 },
          "end": { "line": 40, "column": 5 }
        }
      }
    },
    "branchMap": {
      "0": {
        "loc": {
          "start": { "line": 19, "column": 6 },
          "end": { "line": 19, "column": null }
        },
        "type": "if",
        "locations": [
          {
            "start": { "line": 19, "column": 6 },
            "end": { "line": 19, "column": null }
          },
          { "start": {}, "end": {} }
        ]
      },
      "1": {
        "loc": {
          "start": { "line": 21, "column": 6 },
          "end": { "line": 21, "column": null }
        },
        "type": "if",
        "locations": [
          {
            "start": { "line": 21, "column": 6 },
            "end": { "line": 21, "column": null }
          },
          { "start": {}, "end": {} }
        ]
      },
      "2": {
        "loc": {
          "start": { "line": 35, "column": 4 },
          "end": { "line": 35, "column": null }
        },
        "type": "if",
        "locations": [
          {
            "start": { "line": 35, "column": 4 },
            "end": { "line": 35, "column": null }
          },
          { "start": {}, "end": {} }
        ]
      }
    },
    "s": {
      "0": 0,
      "1": 0,
      "2": 0,
      "3": 0,
      "4": 0,
      "5": 0,
      "6": 0,
      "7": 0,
      "8": 0,
      "9": 0,
      "10": 0,
      "11": 0,
      "12": 0,
      "13": 0,
      "14": 0,
      "15": 0,
      "16": 0,
      "17": 0,
      "18": 0,
      "19": 0
    },
    "f": { "0": 0, "1": 0, "2": 0, "3": 0, "4": 0 },
    "b": { "0": [0, 0], "1": [0, 0], "2": [0, 0] }
  },
  "/Users/sonjunseok/Desktop/workspace/service-frontend/packages/ui/turbo/generators/config.ts": {
    "path": "/Users/sonjunseok/Desktop/workspace/service-frontend/packages/ui/turbo/generators/config.ts",
    "statementMap": {
      "0": {
        "start": { "line": 7, "column": 2 },
        "end": { "line": 29, "column": null }
      }
    },
    "fnMap": {
      "0": {
        "name": "generator",
        "decl": {
          "start": { "line": 5, "column": 24 },
          "end": { "line": 5, "column": 34 }
        },
        "loc": {
          "start": { "line": 5, "column": 69 },
          "end": { "line": 30, "column": null }
        }
      }
    },
    "branchMap": {},
    "s": { "0": 0 },
    "f": { "0": 0 },
    "b": {}
  }
}
