{
  "/Users/sonjunseok/Desktop/workspace/service-frontend/packages/utils/src/change-number-to-string.ts": {
    "path": "/Users/sonjunseok/Desktop/workspace/service-frontend/packages/utils/src/change-number-to-string.ts",
    "statementMap": {
      "0": {
        "start": { "line": 1, "column": 36 },
        "end": { "line": 17, "column": null }
      },
      "1": {
        "start": { "line": 6, "column": 12 },
        "end": { "line": 6, "column": null }
      },
      "2": {
        "start": { "line": 8, "column": 2 },
        "end": { "line": 10, "column": null }
      },
      "3": {
        "start": { "line": 9, "column": 4 },
        "end": { "line": 9, "column": null }
      },
      "4": {
        "start": { "line": 12, "column": 2 },
        "end": { "line": 14, "column": null }
      },
      "5": {
        "start": { "line": 13, "column": 4 },
        "end": { "line": 13, "column": null }
      },
      "6": {
        "start": { "line": 16, "column": 2 },
        "end": { "line": 16, "column": null }
      }
    },
    "fnMap": {
      "0": {
        "name": "(anonymous_0)",
        "decl": {
          "start": { "line": 1, "column": 36 },
          "end": { "line": 1, "column": null }
        },
        "loc": {
          "start": { "line": 5, "column": 5 },
          "end": { "line": 17, "column": null }
        }
      }
    },
    "branchMap": {
      "0": {
        "loc": {
          "start": { "line": 8, "column": 2 },
          "end": { "line": 10, "column": null }
        },
        "type": "if",
        "locations": [
          {
            "start": { "line": 8, "column": 2 },
            "end": { "line": 10, "column": null }
          },
          { "start": {}, "end": {} }
        ]
      },
      "1": {
        "loc": {
          "start": { "line": 12, "column": 2 },
          "end": { "line": 14, "column": null }
        },
        "type": "if",
        "locations": [
          {
            "start": { "line": 12, "column": 2 },
            "end": { "line": 14, "column": null }
          },
          { "start": {}, "end": {} }
        ]
      }
    },
    "s": { "0": 0, "1": 0, "2": 0, "3": 0, "4": 0, "5": 0, "6": 0 },
    "f": { "0": 0 },
    "b": { "0": [0, 0], "1": [0, 0] }
  },
  "/Users/sonjunseok/Desktop/workspace/service-frontend/packages/utils/src/cn.ts": {
    "path": "/Users/sonjunseok/Desktop/workspace/service-frontend/packages/utils/src/cn.ts",
    "statementMap": {
      "0": {
        "start": { "line": 5, "column": 2 },
        "end": { "line": 5, "column": null }
      }
    },
    "fnMap": {
      "0": {
        "name": "cn",
        "decl": {
          "start": { "line": 4, "column": 16 },
          "end": { "line": 4, "column": 22 }
        },
        "loc": {
          "start": { "line": 4, "column": 44 },
          "end": { "line": 6, "column": null }
        }
      }
    },
    "branchMap": {},
    "s": { "0": 6 },
    "f": { "0": 6 },
    "b": {}
  }
}
