{
  "/Users/sonjunseok/Desktop/workspace/service-frontend/packages/utils/src/cn.ts": {
    "path": "/Users/sonjunseok/Desktop/workspace/service-frontend/packages/utils/src/cn.ts",
    "statementMap": {
      "0": {
        "start": { "line": 5, "column": 2 },
        "end": { "line": 5, "column": null }
      }
    },
    "fnMap": {
      "0": {
        "name": "cn",
        "decl": {
          "start": { "line": 4, "column": 16 },
          "end": { "line": 4, "column": 22 }
        },
        "loc": {
          "start": { "line": 4, "column": 44 },
          "end": { "line": 6, "column": null }
        }
      }
    },
    "branchMap": {},
    "s": { "0": 6 },
    "f": { "0": 6 },
    "b": {}
  }
}
